Using pre-set license
Built from '2021.1/staging' branch; Version is '2021.1.2f1 (e5d502d80fbb) revision 15062274'; Using compiler version '192528614'; Build Type 'Release'
OS: 'Windows 10 Pro; OS build 19041.1348; Version 2004; 64bit' Language: 'fr' Physical Memory: 16332 MB
BatchMode: 1, IsHumanControllingUs: 0, StartBugReporterOnCrash: 0, Is64bit: 1, IsPro: 0

 COMMAND LINE ARGUMENTS:
C:\Program Files\Unity\Hub\Editor\2021.1.2f1\Editor\Unity.exe
-adb2
-batchMode
-noUpm
-name
AssetImportWorker0
-projectPath
C:/Users/Vincent/Documents/Unity Project/JDP/JDPv1
-logFile
Logs/AssetImportWorker0.log
-srvPort
55208
Successfully changed project path to: C:/Users/Vincent/Documents/Unity Project/JDP/JDPv1
C:/Users/Vincent/Documents/Unity Project/JDP/JDPv1
Using Asset Import Pipeline V2.
Refreshing native plugins compatible for Editor in 98.35 ms, found 1 plugins.
Preloading 0 native plugins for Editor in 0.00 ms.
Initialize engine version: 2021.1.2f1 (e5d502d80fbb)
[Subsystems] Discovering subsystems at path C:/Program Files/Unity/Hub/Editor/2021.1.2f1/Editor/Data/Resources/UnitySubsystems
[Subsystems] Discovering subsystems at path C:/Users/Vincent/Documents/Unity Project/JDP/JDPv1/Assets
GfxDevice: creating device client; threaded=0; jobified=0
Direct3D:
    Version:  Direct3D 11.0 [level 11.1]
    Renderer: NVIDIA GeForce RTX 2060 (ID=0x1f08)
    Vendor:   NVIDIA
    VRAM:     5980 MB
    Driver:   27.21.14.6192
Shader 'Universal Render Pipeline/Particles/Lit': fallback shader 'Universal Render Pipeline/Particles/SimpleLit' not found
Initialize mono
Mono path[0] = 'C:/Program Files/Unity/Hub/Editor/2021.1.2f1/Editor/Data/Managed'
Mono path[1] = 'C:/Program Files/Unity/Hub/Editor/2021.1.2f1/Editor/Data/MonoBleedingEdge/lib/mono/unityjit'
Mono config path = 'C:/Program Files/Unity/Hub/Editor/2021.1.2f1/Editor/Data/MonoBleedingEdge/etc'
Using monoOptions --debugger-agent=transport=dt_socket,embedding=1,server=y,suspend=n,address=127.0.0.1:56652
Begin MonoManager ReloadAssembly
Registering precompiled unity dll's ...
Register platform support module: C:/Program Files/Unity/Hub/Editor/2021.1.2f1/Editor/Data/PlaybackEngines/WebGLSupport/UnityEditor.WebGL.Extensions.dll
Register platform support module: C:/Program Files/Unity/Hub/Editor/2021.1.2f1/Editor/Data/PlaybackEngines/WindowsStandaloneSupport/UnityEditor.WindowsStandalone.Extensions.dll
Registered in 0.001881 seconds.
Native extension for WindowsStandalone target not found
Native extension for WebGL target not found
Refreshing native plugins compatible for Editor in 103.24 ms, found 1 plugins.
Preloading 0 native plugins for Editor in 0.00 ms.
Mono: successfully reloaded assembly
- Completed reload, in  1.680 seconds
Platform modules already initialized, skipping
Registering precompiled user dll's ...
Registered in 0.002985 seconds.
Begin MonoManager ReloadAssembly
Native extension for WindowsStandalone target not found
Native extension for WebGL target not found
Refreshing native plugins compatible for Editor in 103.92 ms, found 1 plugins.
Preloading 0 native plugins for Editor in 0.00 ms.
Mono: successfully reloaded assembly
- Completed reload, in  1.203 seconds
Platform modules already initialized, skipping
========================================================================
Worker process is ready to serve import requests
Shader 'Universal Render Pipeline/Particles/Lit': fallback shader 'Universal Render Pipeline/Particles/SimpleLit' not found
Launched and connected shader compiler UnityShaderCompiler.exe after 0.04 seconds
Refreshing native plugins compatible for Editor in 0.85 ms, found 1 plugins.
Preloading 0 native plugins for Editor in 0.00 ms.
Unloading 5003 Unused Serialized files (Serialized files now loaded: 0)
System memory in use before: 200.3 MB.
System memory in use after: 200.7 MB.

Unloading 117 unused Assets to reduce memory usage. Loaded Objects now: 5446.
Total: 3.022400 ms (FindLiveObjects: 0.470800 ms CreateObjectMapping: 0.131300 ms MarkObjects: 2.166700 ms  DeleteObjects: 0.252700 ms)

========================================================================
Received Import Request.
  path: Assets/Material/waterflat.mat
  artifactKey: Guid(0e73924176557d644a9121bb0dcc276c) Importer(815301076,1909f56bfc062723c751e8b465ee728b)
Start importing Assets/Material/waterflat.mat using Guid(0e73924176557d644a9121bb0dcc276c) Importer(815301076,1909f56bfc062723c751e8b465ee728b)  -> (artifact id: '67ff4ab89c6d26c45e9f7914238f705d') in 0.191845 seconds 
========================================================================
Received Import Request.
  Time since last request: 0.000404 seconds.
  path: Assets/Material/rock2.mat
  artifactKey: Guid(be6eb01abf2b3dd4a9497171a0e23701) Importer(815301076,1909f56bfc062723c751e8b465ee728b)
Start importing Assets/Material/rock2.mat using Guid(be6eb01abf2b3dd4a9497171a0e23701) Importer(815301076,1909f56bfc062723c751e8b465ee728b)  -> (artifact id: 'f9b282cb4cfa480ef634cd378af244df') in 0.011022 seconds 
========================================================================
Received Import Request.
  Time since last request: 0.000151 seconds.
  path: Assets/Material/invisible.mat
  artifactKey: Guid(b2a6993d7616e4941a33f04940d9276f) Importer(815301076,1909f56bfc062723c751e8b465ee728b)
Start importing Assets/Material/invisible.mat using Guid(b2a6993d7616e4941a33f04940d9276f) Importer(815301076,1909f56bfc062723c751e8b465ee728b)  -> (artifact id: '5d0a34e67a5e03e18eb071d1c9c82037') in 0.013417 seconds 
========================================================================
Received Import Request.
  Time since last request: 0.000214 seconds.
  path: Assets/Material/water.mat
  artifactKey: Guid(873eaa03a92bd7147961e5e48beafdd9) Importer(815301076,1909f56bfc062723c751e8b465ee728b)
Start importing Assets/Material/water.mat using Guid(873eaa03a92bd7147961e5e48beafdd9) Importer(815301076,1909f56bfc062723c751e8b465ee728b)  -> (artifact id: '0c5fb1a807baeb763cb9ce1d7bf829da') in 0.671062 seconds 
========================================================================
Received Import Request.
  Time since last request: 0.000198 seconds.
  path: Assets/Material/defaultChemin.mat
  artifactKey: Guid(4e9956b31e9cfc14f9c46b75f2007141) Importer(815301076,1909f56bfc062723c751e8b465ee728b)
Start importing Assets/Material/defaultChemin.mat using Guid(4e9956b31e9cfc14f9c46b75f2007141) Importer(815301076,1909f56bfc062723c751e8b465ee728b)  -> (artifact id: 'dd5573d8139bdd262859fa33f007fe63') in 0.012161 seconds 
========================================================================
Received Import Request.
  Time since last request: 0.000175 seconds.
  path: Assets/Material/MAP.mat
  artifactKey: Guid(c92afeaad0d61bd4e8693ac87026f5fe) Importer(815301076,1909f56bfc062723c751e8b465ee728b)
Start importing Assets/Material/MAP.mat using Guid(c92afeaad0d61bd4e8693ac87026f5fe) Importer(815301076,1909f56bfc062723c751e8b465ee728b)  -> (artifact id: '893dae6fa887f0de0762bf3e89ae30fa') in 0.012332 seconds 
========================================================================
Received Import Request.
  Time since last request: 86.253275 seconds.
  path: Assets/Material/defaultChemin.mat
  artifactKey: Guid(4e9956b31e9cfc14f9c46b75f2007141) Importer(815301076,1909f56bfc062723c751e8b465ee728b)
Start importing Assets/Material/defaultChemin.mat using Guid(4e9956b31e9cfc14f9c46b75f2007141) Importer(815301076,1909f56bfc062723c751e8b465ee728b)  -> (artifact id: 'ce078914f8730da63ef547a9bedd3d1f') in 0.010086 seconds 
========================================================================
Received Prepare
Registering precompiled user dll's ...
Registered in 0.002887 seconds.
Begin MonoManager ReloadAssembly
Native extension for WindowsStandalone target not found
Native extension for WebGL target not found
Refreshing native plugins compatible for Editor in 0.88 ms, found 1 plugins.
Preloading 0 native plugins for Editor in 0.00 ms.
Warning: Annotation not found!
UnityEngine.StackTraceUtility:ExtractStackTrace ()
UnityEditor.ProBuilder.EditorUtility:SetGizmoIconEnabled (System.Type,bool) (at Library/PackageCache/com.unity.probuilder@5.0.3/Editor/EditorCore/EditorUtility.cs:575)
UnityEditor.ProBuilder.HierarchyListener:.cctor () (at Library/PackageCache/com.unity.probuilder@5.0.3/Editor/EditorCore/HierarchyListener.cs:21)
System.Runtime.CompilerServices.RuntimeHelpers:RunClassConstructor (System.RuntimeTypeHandle)
UnityEditor.EditorAssemblies:ProcessInitializeOnLoadAttributes (System.Type[])

[Library/PackageCache/com.unity.probuilder@5.0.3/Editor/EditorCore/EditorUtility.cs line 575]

Mono: successfully reloaded assembly
- Completed reload, in  1.027 seconds
Platform modules already initialized, skipping
Switching build target platform(19) subTarget(0) extendedPlatform(0) -> platform(13) subTarget(537395200) extendedPlatform(0)
Shader 'Universal Render Pipeline/Particles/Lit': fallback shader 'Universal Render Pipeline/Particles/SimpleLit' not found
Refreshing native plugins compatible for Editor in 0.83 ms, found 1 plugins.
Preloading 0 native plugins for Editor in 0.00 ms.
Unloading 4835 Unused Serialized files (Serialized files now loaded: 0)
System memory in use before: 190.5 MB.
System memory in use after: 190.9 MB.

Unloading 14 unused Assets to reduce memory usage. Loaded Objects now: 5528.
Total: 3.435300 ms (FindLiveObjects: 0.683200 ms CreateObjectMapping: 0.176900 ms MarkObjects: 2.512400 ms  DeleteObjects: 0.061700 ms)

AssetImportParameters requested are different than current active one (requested -> active):
  custom:graphics/normal-map-encoding: 01000000000000000000000000000000 -> 02000000000000000000000000000000
========================================================================
Received Import Request.
  Time since last request: 411.383838 seconds.
  path: Assets/Material/MAP.mat
  artifactKey: Guid(c92afeaad0d61bd4e8693ac87026f5fe) Importer(815301076,1909f56bfc062723c751e8b465ee728b)
Start importing Assets/Material/MAP.mat using Guid(c92afeaad0d61bd4e8693ac87026f5fe) Importer(815301076,1909f56bfc062723c751e8b465ee728b)  -> (artifact id: '2b68055f6928f83c32701e56c7d10a89') in 0.509182 seconds 
========================================================================
Received Import Request.
  Time since last request: 853.638202 seconds.
  path: Assets/Material/defaultChemin 1.mat
  artifactKey: Guid(78056a310d7725d40823f93ade0da03c) Importer(815301076,1909f56bfc062723c751e8b465ee728b)
Start importing Assets/Material/defaultChemin 1.mat using Guid(78056a310d7725d40823f93ade0da03c) Importer(815301076,1909f56bfc062723c751e8b465ee728b)  -> (artifact id: '675d302f283a171cf3c1c557ac895c26') in 0.011751 seconds 
========================================================================
Received Import Request.
  Time since last request: 0.000193 seconds.
  path: Assets/Material/invisible.mat
  artifactKey: Guid(b2a6993d7616e4941a33f04940d9276f) Importer(815301076,1909f56bfc062723c751e8b465ee728b)
Start importing Assets/Material/invisible.mat using Guid(b2a6993d7616e4941a33f04940d9276f) Importer(815301076,1909f56bfc062723c751e8b465ee728b)  -> (artifact id: '65368712b8579b7ec20e07b5533e61ec') in 0.009964 seconds 
========================================================================
Received Prepare
Registering precompiled user dll's ...
Registered in 0.002849 seconds.
Begin MonoManager ReloadAssembly
Native extension for WindowsStandalone target not found
Native extension for WebGL target not found
Refreshing native plugins compatible for Editor in 0.94 ms, found 1 plugins.
Preloading 0 native plugins for Editor in 0.00 ms.
Warning: Annotation not found!
UnityEngine.StackTraceUtility:ExtractStackTrace ()
UnityEditor.ProBuilder.EditorUtility:SetGizmoIconEnabled (System.Type,bool) (at Library/PackageCache/com.unity.probuilder@5.0.3/Editor/EditorCore/EditorUtility.cs:575)
UnityEditor.ProBuilder.HierarchyListener:.cctor () (at Library/PackageCache/com.unity.probuilder@5.0.3/Editor/EditorCore/HierarchyListener.cs:21)
System.Runtime.CompilerServices.RuntimeHelpers:RunClassConstructor (System.RuntimeTypeHandle)
UnityEditor.EditorAssemblies:ProcessInitializeOnLoadAttributes (System.Type[])

[Library/PackageCache/com.unity.probuilder@5.0.3/Editor/EditorCore/EditorUtility.cs line 575]

Mono: successfully reloaded assembly
- Completed reload, in  0.924 seconds
Platform modules already initialized, skipping
Switching build target platform(19) subTarget(0) extendedPlatform(0) -> platform(13) subTarget(537395200) extendedPlatform(0)
Shader 'Universal Render Pipeline/Particles/Lit': fallback shader 'Universal Render Pipeline/Particles/SimpleLit' not found
Refreshing native plugins compatible for Editor in 0.83 ms, found 1 plugins.
Preloading 0 native plugins for Editor in 0.00 ms.
Unloading 4834 Unused Serialized files (Serialized files now loaded: 0)
System memory in use before: 190.6 MB.
System memory in use after: 191.0 MB.

Unloading 14 unused Assets to reduce memory usage. Loaded Objects now: 5567.
Total: 2.747500 ms (FindLiveObjects: 0.456200 ms CreateObjectMapping: 0.127200 ms MarkObjects: 2.109200 ms  DeleteObjects: 0.053600 ms)

AssetImportParameters requested are different than current active one (requested -> active):
  custom:graphics/normal-map-encoding: 01000000000000000000000000000000 -> 02000000000000000000000000000000
========================================================================
Received Import Request.
  Time since last request: 356.218949 seconds.
  path: Assets/Material/MAP.mat
  artifactKey: Guid(c92afeaad0d61bd4e8693ac87026f5fe) Importer(815301076,1909f56bfc062723c751e8b465ee728b)
Start importing Assets/Material/MAP.mat using Guid(c92afeaad0d61bd4e8693ac87026f5fe) Importer(815301076,1909f56bfc062723c751e8b465ee728b)  -> (artifact id: 'a7fdedf9c1a16887aa2a8f2683632462') in 0.123552 seconds 
========================================================================
Received Prepare
Registering precompiled user dll's ...
Registered in 0.002918 seconds.
Begin MonoManager ReloadAssembly
Native extension for WindowsStandalone target not found
Native extension for WebGL target not found
Refreshing native plugins compatible for Editor in 1.02 ms, found 1 plugins.
Preloading 0 native plugins for Editor in 0.00 ms.
Warning: Annotation not found!
UnityEngine.StackTraceUtility:ExtractStackTrace ()
UnityEditor.ProBuilder.EditorUtility:SetGizmoIconEnabled (System.Type,bool) (at Library/PackageCache/com.unity.probuilder@5.0.3/Editor/EditorCore/EditorUtility.cs:575)
UnityEditor.ProBuilder.HierarchyListener:.cctor () (at Library/PackageCache/com.unity.probuilder@5.0.3/Editor/EditorCore/HierarchyListener.cs:21)
System.Runtime.CompilerServices.RuntimeHelpers:RunClassConstructor (System.RuntimeTypeHandle)
UnityEditor.EditorAssemblies:ProcessInitializeOnLoadAttributes (System.Type[])

[Library/PackageCache/com.unity.probuilder@5.0.3/Editor/EditorCore/EditorUtility.cs line 575]

Mono: successfully reloaded assembly
- Completed reload, in  0.925 seconds
Platform modules already initialized, skipping
Switching build target platform(19) subTarget(0) extendedPlatform(0) -> platform(13) subTarget(537395200) extendedPlatform(0)
Shader 'Universal Render Pipeline/Particles/Lit': fallback shader 'Universal Render Pipeline/Particles/SimpleLit' not found
Refreshing native plugins compatible for Editor in 0.85 ms, found 1 plugins.
Preloading 0 native plugins for Editor in 0.00 ms.
Unloading 4834 Unused Serialized files (Serialized files now loaded: 0)
System memory in use before: 190.6 MB.
System memory in use after: 191.0 MB.

Unloading 14 unused Assets to reduce memory usage. Loaded Objects now: 5606.
Total: 2.817800 ms (FindLiveObjects: 0.445800 ms CreateObjectMapping: 0.132600 ms MarkObjects: 2.185600 ms  DeleteObjects: 0.052600 ms)

AssetImportParameters requested are different than current active one (requested -> active):
  custom:graphics/normal-map-encoding: 01000000000000000000000000000000 -> 02000000000000000000000000000000
========================================================================
Received Import Request.
  Time since last request: 264.625910 seconds.
  path: Assets/Material/MAP.mat
  artifactKey: Guid(c92afeaad0d61bd4e8693ac87026f5fe) Importer(815301076,1909f56bfc062723c751e8b465ee728b)
Start importing Assets/Material/MAP.mat using Guid(c92afeaad0d61bd4e8693ac87026f5fe) Importer(815301076,1909f56bfc062723c751e8b465ee728b)  -> (artifact id: '5a99b7e188dd06c32f45d180376afebd') in 0.135967 seconds 
========================================================================
Received Prepare
Registering precompiled user dll's ...
Registered in 0.002814 seconds.
Begin MonoManager ReloadAssembly
Native extension for WindowsStandalone target not found
Native extension for WebGL target not found
Refreshing native plugins compatible for Editor in 0.93 ms, found 1 plugins.
Preloading 0 native plugins for Editor in 0.00 ms.
Warning: Annotation not found!
UnityEngine.StackTraceUtility:ExtractStackTrace ()
UnityEditor.ProBuilder.EditorUtility:SetGizmoIconEnabled (System.Type,bool) (at Library/PackageCache/com.unity.probuilder@5.0.3/Editor/EditorCore/EditorUtility.cs:575)
UnityEditor.ProBuilder.HierarchyListener:.cctor () (at Library/PackageCache/com.unity.probuilder@5.0.3/Editor/EditorCore/HierarchyListener.cs:21)
System.Runtime.CompilerServices.RuntimeHelpers:RunClassConstructor (System.RuntimeTypeHandle)
UnityEditor.EditorAssemblies:ProcessInitializeOnLoadAttributes (System.Type[])

[Library/PackageCache/com.unity.probuilder@5.0.3/Editor/EditorCore/EditorUtility.cs line 575]

Mono: successfully reloaded assembly
- Completed reload, in  0.964 seconds
Platform modules already initialized, skipping
Switching build target platform(19) subTarget(0) extendedPlatform(0) -> platform(13) subTarget(537395200) extendedPlatform(0)
Shader 'Universal Render Pipeline/Particles/Lit': fallback shader 'Universal Render Pipeline/Particles/SimpleLit' not found
Refreshing native plugins compatible for Editor in 0.99 ms, found 1 plugins.
Preloading 0 native plugins for Editor in 0.00 ms.
Unloading 4834 Unused Serialized files (Serialized files now loaded: 0)
System memory in use before: 190.7 MB.
System memory in use after: 191.1 MB.

Unloading 14 unused Assets to reduce memory usage. Loaded Objects now: 5645.
Total: 4.695200 ms (FindLiveObjects: 0.764200 ms CreateObjectMapping: 0.253300 ms MarkObjects: 3.608600 ms  DeleteObjects: 0.067100 ms)

AssetImportParameters requested are different than current active one (requested -> active):
  custom:graphics/normal-map-encoding: 01000000000000000000000000000000 -> 02000000000000000000000000000000
========================================================================
Received Import Request.
  Time since last request: 167.631253 seconds.
  path: Assets/Material/MAP.mat
  artifactKey: Guid(c92afeaad0d61bd4e8693ac87026f5fe) Importer(815301076,1909f56bfc062723c751e8b465ee728b)
Start importing Assets/Material/MAP.mat using Guid(c92afeaad0d61bd4e8693ac87026f5fe) Importer(815301076,1909f56bfc062723c751e8b465ee728b)  -> (artifact id: 'f69d1d356915ab4b5cb6ae16ef223b33') in 0.131155 seconds 
========================================================================
Received Prepare
Shader 'Universal Render Pipeline/Particles/Lit': fallback shader 'Universal Render Pipeline/Particles/SimpleLit' not found
Refreshing native plugins compatible for Editor in 2.35 ms, found 1 plugins.
Preloading 0 native plugins for Editor in 0.00 ms.
Unloading 8 Unused Serialized files (Serialized files now loaded: 0)
System memory in use before: 99.7 MB.
System memory in use after: 100.1 MB.

Unloading 8 unused Assets to reduce memory usage. Loaded Objects now: 5707.
Total: 4.262900 ms (FindLiveObjects: 0.714200 ms CreateObjectMapping: 0.195700 ms MarkObjects: 3.274300 ms  DeleteObjects: 0.077400 ms)

========================================================================
Received Import Request.
  Time since last request: 887.193227 seconds.
  path: Assets/Material/invisible.mat
  artifactKey: Guid(b2a6993d7616e4941a33f04940d9276f) Importer(815301076,1909f56bfc062723c751e8b465ee728b)
Start importing Assets/Material/invisible.mat using Guid(b2a6993d7616e4941a33f04940d9276f) Importer(815301076,1909f56bfc062723c751e8b465ee728b)  -> (artifact id: 'c28b7ca380df9f8351c3303673fcfeb8') in 0.014879 seconds 
========================================================================
Received Import Request.
  Time since last request: 105.697317 seconds.
  path: Assets/Prefab/banc.prefab
  artifactKey: Guid(8fc36ff5b15716340aeb83e34896efdf) Importer(815301076,1909f56bfc062723c751e8b465ee728b)
Start importing Assets/Prefab/banc.prefab using Guid(8fc36ff5b15716340aeb83e34896efdf) Importer(815301076,1909f56bfc062723c751e8b465ee728b)  -> (artifact id: 'eb5a16e20e9a854698824b5fee1350de') in 0.025403 seconds 
========================================================================
Received Import Request.
  Time since last request: 0.000124 seconds.
  path: Assets/Prefab/Escalier.prefab
  artifactKey: Guid(c9706cdfe5c9da34d846eaae47206345) Importer(815301076,1909f56bfc062723c751e8b465ee728b)
Start importing Assets/Prefab/Escalier.prefab using Guid(c9706cdfe5c9da34d846eaae47206345) Importer(815301076,1909f56bfc062723c751e8b465ee728b)  -> (artifact id: 'a42dd2fb4f09d77e6b5d656e42d21b77') in 0.012374 seconds 
========================================================================
Received Import Request.
  Time since last request: 0.000170 seconds.
  path: Assets/Prefab/Lampadaire Variant.prefab
  artifactKey: Guid(30572bd189f0281448ef2536c67e9e67) Importer(815301076,1909f56bfc062723c751e8b465ee728b)
Start importing Assets/Prefab/Lampadaire Variant.prefab using Guid(30572bd189f0281448ef2536c67e9e67) Importer(815301076,1909f56bfc062723c751e8b465ee728b)  -> (artifact id: '8ba66e9a94e57a6b9f413fbb19fd1f96') in 0.019196 seconds 
========================================================================
Received Import Request.
  Time since last request: 68.904301 seconds.
  path: Assets/Material/lammpadaire.mat
  artifactKey: Guid(4d7777756385b2143b8b94e3701226ec) Importer(815301076,1909f56bfc062723c751e8b465ee728b)
Start importing Assets/Material/lammpadaire.mat using Guid(4d7777756385b2143b8b94e3701226ec) Importer(815301076,1909f56bfc062723c751e8b465ee728b)  -> (artifact id: '434c59e0fde1568b57957d0eab7956a8') in 0.010425 seconds 
========================================================================
Received Import Request.
  Time since last request: 96.000927 seconds.
  path: Assets/Prefab/Lampadaire Variant.prefab
  artifactKey: Guid(30572bd189f0281448ef2536c67e9e67) Importer(815301076,1909f56bfc062723c751e8b465ee728b)
Start importing Assets/Prefab/Lampadaire Variant.prefab using Guid(30572bd189f0281448ef2536c67e9e67) Importer(815301076,1909f56bfc062723c751e8b465ee728b)  -> (artifact id: '7960e5a0f7de1f50bc2faeae8a229ffd') in 0.010039 seconds 
========================================================================
Received Import Request.
  Time since last request: 177.300807 seconds.
  path: Assets/Prefab/paper.prefab
  artifactKey: Guid(76e8f715e3aa08940b807dfa3c1b80c1) Importer(815301076,1909f56bfc062723c751e8b465ee728b)
Start importing Assets/Prefab/paper.prefab using Guid(76e8f715e3aa08940b807dfa3c1b80c1) Importer(815301076,1909f56bfc062723c751e8b465ee728b)  -> (artifact id: '83d40b17e424b509200abe070b685a2f') in 0.017981 seconds 
========================================================================
Received Import Request.
  Time since last request: 1.414221 seconds.
  path: Assets/Prefab/paper.prefab
  artifactKey: Guid(76e8f715e3aa08940b807dfa3c1b80c1) Importer(815301076,1909f56bfc062723c751e8b465ee728b)
Start importing Assets/Prefab/paper.prefab using Guid(76e8f715e3aa08940b807dfa3c1b80c1) Importer(815301076,1909f56bfc062723c751e8b465ee728b)  -> (artifact id: 'd04f8852e679b717c17d22db6fe77573') in 0.010713 seconds 
========================================================================
Received Prepare
Registering precompiled user dll's ...
Registered in 0.002946 seconds.
Begin MonoManager ReloadAssembly
Native extension for WindowsStandalone target not found
Native extension for WebGL target not found
Refreshing native plugins compatible for Editor in 0.85 ms, found 1 plugins.
Preloading 0 native plugins for Editor in 0.00 ms.
Warning: Annotation not found!
UnityEngine.StackTraceUtility:ExtractStackTrace ()
UnityEditor.ProBuilder.EditorUtility:SetGizmoIconEnabled (System.Type,bool) (at Library/PackageCache/com.unity.probuilder@5.0.3/Editor/EditorCore/EditorUtility.cs:575)
UnityEditor.ProBuilder.HierarchyListener:.cctor () (at Library/PackageCache/com.unity.probuilder@5.0.3/Editor/EditorCore/HierarchyListener.cs:21)
System.Runtime.CompilerServices.RuntimeHelpers:RunClassConstructor (System.RuntimeTypeHandle)
UnityEditor.EditorAssemblies:ProcessInitializeOnLoadAttributes (System.Type[])

[Library/PackageCache/com.unity.probuilder@5.0.3/Editor/EditorCore/EditorUtility.cs line 575]

Mono: successfully reloaded assembly
- Completed reload, in  0.951 seconds
Platform modules already initialized, skipping
Switching build target platform(19) subTarget(0) extendedPlatform(0) -> platform(13) subTarget(537395200) extendedPlatform(0)
Shader 'Universal Render Pipeline/Particles/Lit': fallback shader 'Universal Render Pipeline/Particles/SimpleLit' not found
Refreshing native plugins compatible for Editor in 0.84 ms, found 1 plugins.
Preloading 0 native plugins for Editor in 0.00 ms.
Unloading 4834 Unused Serialized files (Serialized files now loaded: 0)
System memory in use before: 190.7 MB.
System memory in use after: 191.1 MB.

Unloading 14 unused Assets to reduce memory usage. Loaded Objects now: 5685.
Total: 2.925600 ms (FindLiveObjects: 0.446400 ms CreateObjectMapping: 0.130100 ms MarkObjects: 2.288700 ms  DeleteObjects: 0.059200 ms)

AssetImportParameters requested are different than current active one (requested -> active):
  custom:graphics/normal-map-encoding: 01000000000000000000000000000000 -> 02000000000000000000000000000000
========================================================================
Received Import Request.
  Time since last request: 31.383812 seconds.
  path: Assets/Prefab/paper.prefab
  artifactKey: Guid(76e8f715e3aa08940b807dfa3c1b80c1) Importer(815301076,1909f56bfc062723c751e8b465ee728b)
Start importing Assets/Prefab/paper.prefab using Guid(76e8f715e3aa08940b807dfa3c1b80c1) Importer(815301076,1909f56bfc062723c751e8b465ee728b)  -> (artifact id: '5007be06157a0b7ca5bc37d0a1fb47bb') in 0.141787 seconds 
========================================================================
Received Import Request.
  Time since last request: 6.331853 seconds.
  path: Assets/Prefab/paper.prefab
  artifactKey: Guid(76e8f715e3aa08940b807dfa3c1b80c1) Importer(815301076,1909f56bfc062723c751e8b465ee728b)
Start importing Assets/Prefab/paper.prefab using Guid(76e8f715e3aa08940b807dfa3c1b80c1) Importer(815301076,1909f56bfc062723c751e8b465ee728b)  -> (artifact id: 'c28544d99cc13c95cf1a35a05dfacc6c') in 0.008997 seconds 
========================================================================
Received Import Request.
  Time since last request: 1.612944 seconds.
  path: Assets/Prefab/paper.prefab
  artifactKey: Guid(76e8f715e3aa08940b807dfa3c1b80c1) Importer(815301076,1909f56bfc062723c751e8b465ee728b)
Start importing Assets/Prefab/paper.prefab using Guid(76e8f715e3aa08940b807dfa3c1b80c1) Importer(815301076,1909f56bfc062723c751e8b465ee728b)  -> (artifact id: '31e4718cf7682c2fa9fde8a0e6b1d3aa') in 0.009280 seconds 
========================================================================
Received Prepare
Registering precompiled user dll's ...
Registered in 0.003146 seconds.
Begin MonoManager ReloadAssembly
Native extension for WindowsStandalone target not found
Native extension for WebGL target not found
Refreshing native plugins compatible for Editor in 0.84 ms, found 1 plugins.
Preloading 0 native plugins for Editor in 0.00 ms.
Warning: Annotation not found!
UnityEngine.StackTraceUtility:ExtractStackTrace ()
UnityEditor.ProBuilder.EditorUtility:SetGizmoIconEnabled (System.Type,bool) (at Library/PackageCache/com.unity.probuilder@5.0.3/Editor/EditorCore/EditorUtility.cs:575)
UnityEditor.ProBuilder.HierarchyListener:.cctor () (at Library/PackageCache/com.unity.probuilder@5.0.3/Editor/EditorCore/HierarchyListener.cs:21)
System.Runtime.CompilerServices.RuntimeHelpers:RunClassConstructor (System.RuntimeTypeHandle)
UnityEditor.EditorAssemblies:ProcessInitializeOnLoadAttributes (System.Type[])

[Library/PackageCache/com.unity.probuilder@5.0.3/Editor/EditorCore/EditorUtility.cs line 575]

Mono: successfully reloaded assembly
- Completed reload, in  0.961 seconds
Platform modules already initialized, skipping
Switching build target platform(19) subTarget(0) extendedPlatform(0) -> platform(13) subTarget(537395200) extendedPlatform(0)
Shader 'Universal Render Pipeline/Particles/Lit': fallback shader 'Universal Render Pipeline/Particles/SimpleLit' not found
Refreshing native plugins compatible for Editor in 0.92 ms, found 1 plugins.
Preloading 0 native plugins for Editor in 0.00 ms.
Unloading 4834 Unused Serialized files (Serialized files now loaded: 0)
System memory in use before: 190.9 MB.
System memory in use after: 191.3 MB.

Unloading 14 unused Assets to reduce memory usage. Loaded Objects now: 5724.
Total: 3.525500 ms (FindLiveObjects: 0.445900 ms CreateObjectMapping: 0.217900 ms MarkObjects: 2.797900 ms  DeleteObjects: 0.063000 ms)

AssetImportParameters requested are different than current active one (requested -> active):
  custom:graphics/normal-map-encoding: 01000000000000000000000000000000 -> 02000000000000000000000000000000
========================================================================
Received Import Request.
  Time since last request: 61.599010 seconds.
  path: Assets/Prefab/paper.prefab
  artifactKey: Guid(76e8f715e3aa08940b807dfa3c1b80c1) Importer(815301076,1909f56bfc062723c751e8b465ee728b)
Start importing Assets/Prefab/paper.prefab using Guid(76e8f715e3aa08940b807dfa3c1b80c1) Importer(815301076,1909f56bfc062723c751e8b465ee728b)  -> (artifact id: '0e7896c96db13322a77813497f17c847') in 0.126485 seconds 
========================================================================
Received Prepare
Registering precompiled user dll's ...
Registered in 0.002871 seconds.
Begin MonoManager ReloadAssembly
Native extension for WindowsStandalone target not found
Native extension for WebGL target not found
Refreshing native plugins compatible for Editor in 1.08 ms, found 1 plugins.
Preloading 0 native plugins for Editor in 0.00 ms.
Warning: Annotation not found!
UnityEngine.StackTraceUtility:ExtractStackTrace ()
UnityEditor.ProBuilder.EditorUtility:SetGizmoIconEnabled (System.Type,bool) (at Library/PackageCache/com.unity.probuilder@5.0.3/Editor/EditorCore/EditorUtility.cs:575)
UnityEditor.ProBuilder.HierarchyListener:.cctor () (at Library/PackageCache/com.unity.probuilder@5.0.3/Editor/EditorCore/HierarchyListener.cs:21)
System.Runtime.CompilerServices.RuntimeHelpers:RunClassConstructor (System.RuntimeTypeHandle)
UnityEditor.EditorAssemblies:ProcessInitializeOnLoadAttributes (System.Type[])

[Library/PackageCache/com.unity.probuilder@5.0.3/Editor/EditorCore/EditorUtility.cs line 575]

Mono: successfully reloaded assembly
- Completed reload, in  1.015 seconds
Platform modules already initialized, skipping
Switching build target platform(19) subTarget(0) extendedPlatform(0) -> platform(13) subTarget(537395200) extendedPlatform(0)
Shader 'Universal Render Pipeline/Particles/Lit': fallback shader 'Universal Render Pipeline/Particles/SimpleLit' not found
Refreshing native plugins compatible for Editor in 0.94 ms, found 1 plugins.
Preloading 0 native plugins for Editor in 0.00 ms.
Unloading 4834 Unused Serialized files (Serialized files now loaded: 0)
System memory in use before: 191.0 MB.
System memory in use after: 191.4 MB.

Unloading 14 unused Assets to reduce memory usage. Loaded Objects now: 5763.
Total: 3.265400 ms (FindLiveObjects: 0.449600 ms CreateObjectMapping: 0.273800 ms MarkObjects: 2.483800 ms  DeleteObjects: 0.057100 ms)

AssetImportParameters requested are different than current active one (requested -> active):
  custom:graphics/normal-map-encoding: 01000000000000000000000000000000 -> 02000000000000000000000000000000
AssetImportWorkerClient::OnTransportError - code=2 error=End of file
